e:\sdk_github_pammy_repo\for_self\ambpro2_arduino\ameba_misc\ameba_tools\nn_model_update\version_c\nn_model_update\x64\release\vc143.pdb
e:\sdk_github_pammy_repo\for_self\ambpro2_arduino\ameba_misc\ameba_tools\nn_model_update\version_c\nn_model_update\x64\release\nn_model_update.obj
e:\sdk_github_pammy_repo\for_self\ambpro2_arduino\ameba_misc\ameba_tools\nn_model_update\version_c\nn_model_update\x64\release\cjson.obj
e:\sdk_github_pammy_repo\for_self\ambpro2_arduino\ameba_misc\ameba_tools\nn_model_update\version_c\x64\release\nn_model_update.exe
e:\sdk_github_pammy_repo\for_self\ambpro2_arduino\ameba_misc\ameba_tools\nn_model_update\version_c\nn_model_update\x64\release\nn_model_update.ipdb
e:\sdk_github_pammy_repo\for_self\ambpro2_arduino\ameba_misc\ameba_tools\nn_model_update\version_c\x64\release\nn_model_update.pdb
e:\sdk_github_pammy_repo\for_self\ambpro2_arduino\ameba_misc\ameba_tools\nn_model_update\version_c\nn_model_update\x64\release\nn_model_update.iobj
e:\sdk_github_pammy_repo\for self\ambpro2_arduino\ameba_misc\ameba_tools\nn_model_update\version_c\x64\release\nn_model_update.lib
e:\sdk_github_pammy_repo\for self\ambpro2_arduino\ameba_misc\ameba_tools\nn_model_update\version_c\x64\release\nn_model_update.exp
e:\sdk_github_pammy_repo\for_self\ambpro2_arduino\ameba_misc\ameba_tools\nn_model_update\version_c\x64\release\nn_model_update.lib
e:\sdk_github_pammy_repo\for_self\ambpro2_arduino\ameba_misc\ameba_tools\nn_model_update\version_c\x64\release\nn_model_update.exp
e:\sdk_github_pammy_repo\for_self\ambpro2_arduino\ameba_misc\ameba_tools\nn_model_update\version_c\nn_model_update\x64\release\nn_model_update.res
e:\sdk_github_pammy_repo\for_self\ambpro2_arduino\ameba_misc\ameba_tools\nn_model_update\version_c\nn_model_update\x64\release\nn_model_update.tlog\cl.command.1.tlog
e:\sdk_github_pammy_repo\for_self\ambpro2_arduino\ameba_misc\ameba_tools\nn_model_update\version_c\nn_model_update\x64\release\nn_model_update.tlog\cl.read.1.tlog
e:\sdk_github_pammy_repo\for_self\ambpro2_arduino\ameba_misc\ameba_tools\nn_model_update\version_c\nn_model_update\x64\release\nn_model_update.tlog\cl.write.1.tlog
e:\sdk_github_pammy_repo\for_self\ambpro2_arduino\ameba_misc\ameba_tools\nn_model_update\version_c\nn_model_update\x64\release\nn_model_update.tlog\link.command.1.tlog
e:\sdk_github_pammy_repo\for_self\ambpro2_arduino\ameba_misc\ameba_tools\nn_model_update\version_c\nn_model_update\x64\release\nn_model_update.tlog\link.read.1.tlog
e:\sdk_github_pammy_repo\for_self\ambpro2_arduino\ameba_misc\ameba_tools\nn_model_update\version_c\nn_model_update\x64\release\nn_model_update.tlog\link.write.1.tlog
e:\sdk_github_pammy_repo\for_self\ambpro2_arduino\ameba_misc\ameba_tools\nn_model_update\version_c\nn_model_update\x64\release\nn_model_update.tlog\nn_model_update.write.1u.tlog
e:\sdk_github_pammy_repo\for_self\ambpro2_arduino\ameba_misc\ameba_tools\nn_model_update\version_c\nn_model_update\x64\release\nn_model_update.tlog\rc.command.1.tlog
e:\sdk_github_pammy_repo\for_self\ambpro2_arduino\ameba_misc\ameba_tools\nn_model_update\version_c\nn_model_update\x64\release\nn_model_update.tlog\rc.read.1.tlog
e:\sdk_github_pammy_repo\for_self\ambpro2_arduino\ameba_misc\ameba_tools\nn_model_update\version_c\nn_model_update\x64\release\nn_model_update.tlog\rc.write.1.tlog
